#
# A fatal error has been detected by the Java Runtime Environment:
#
#  EXCEPTION_ACCESS_VIOLATION (0xc0000005) at pc=0x00007ff955d7c362, pid=25780, tid=8504
#
# JRE version: OpenJDK Runtime Environment (11.0.1+13) (build 11.0.1+13)
# Java VM: OpenJDK 64-Bit Server VM (11.0.1+13, mixed mode, tiered, compressed oops, g1 gc, windows-amd64)
# Problematic frame:
# C  [cscore.dll+0x3c362]
#
# No core dump will be written. Minidumps are not enabled by default on client versions of Windows
#
# If you would like to submit a bug report, please visit:
#   http://bugreport.java.com/bugreport/crash.jsp
# The crash happened outside the Java Virtual Machine in native code.
# See problematic frame for where to report the bug.
#

---------------  S U M M A R Y ------------

Command Line: -agentlib:jdwp=transport=dt_socket,server=n,suspend=y,address=localhost:54907 -Djava.library.path=C:\Users\willi\Documents\command-robot-code\build\tmp\jniExtractDir -Dfile.encoding=UTF-8 org.usfirst.frc.team3952.robot.Main

Host: Intel(R) Core(TM) i7-6500U CPU @ 2.50GHz, 4 cores, 7G,  Windows 10 , 64 bit Build 17134 (10.0.17134.1)
Time: Sat Jan 12 13:17:43 2019 Pacific Standard Time elapsed time: 2 seconds (0d 0h 0m 2s)

---------------  T H R E A D  ---------------

Current thread (0x00000232fad6e800):  JavaThread "CSListener" daemon [_thread_in_native, id=8504, stack(0x000000ca0e200000,0x000000ca0e300000)]

Stack: [0x000000ca0e200000,0x000000ca0e300000],  sp=0x000000ca0e2febd0,  free space=1018k
Native frames: (J=compiled Java code, j=interpreted, Vv=VM code, C=native code)
C  [cscore.dll+0x3c362]

Java frames: (J=compiled Java code, j=interpreted, Vv=VM code)
j  edu.wpi.cscore.CameraServerJNI.getSourceVideoMode(I)Ledu/wpi/cscore/VideoMode;+0
j  edu.wpi.first.cameraserver.CameraServer.lambda$new$0(Ledu/wpi/cscore/VideoEvent;)V+179
j  edu.wpi.first.cameraserver.CameraServer$$Lambda$5.accept(Ljava/lang/Object;)V+8
v  ~StubRoutines::call_stub

siginfo: EXCEPTION_ACCESS_VIOLATION (0xc0000005), reading address 0x0000000000000000


Register to memory mapping:

RIP=0x00007ff955d7c362 cscore.dll
RAX=0x00007ff955d917f0 cscore.dll
RBX=0x000000ca0e2fecb0 is pointing into the stack for thread: 0x00000232fad6e800
RCX=0x0 is NULL
RDX=0x0000000000000526 is an unknown value
RSP=0x000000ca0e2febd0 is pointing into the stack for thread: 0x00000232fad6e800
RBP=0x000000ca0e2fed50 is pointing into the stack for thread: 0x00000232fad6e800
RSI=0x00000232facd8030 points into unknown readable memory
RDI=0x00000232facd8030 points into unknown readable memory
R8 =0x0 is NULL
R9 =0x0 is NULL
R10=0x0000023280015c27 is at code_begin+1959 in an Interpreter codelet
method entry point (kind = native)  [0x0000023280015480, 0x0000023280016820]  5024 bytes
R11=0x000000008a327190 is an oop
java.lang.Class 
{0x000000008a327190} - klass: 'java/lang/Class'
R12=0x0 is NULL
R13={method} {0x00000232fa099790} 'getSourceVideoMode' '(I)Ledu/wpi/cscore/VideoMode;' in 'edu/wpi/cscore/CameraServerJNI'
R14=0x000000ca0e2fed70 is pointing into the stack for thread: 0x00000232fad6e800
R15=0x00000232fad6e800 is a thread


Registers:
RAX=0x00007ff955d917f0, RBX=0x000000ca0e2fecb0, RCX=0x0000000000000000, RDX=0x0000000000000526
RSP=0x000000ca0e2febd0, RBP=0x000000ca0e2fed50, RSI=0x00000232facd8030, RDI=0x00000232facd8030
R8 =0x0000000000000000, R9 =0x0000000000000000, R10=0x0000023280015c27, R11=0x000000008a327190
R12=0x0000000000000000, R13=0x00000232fa099788, R14=0x000000ca0e2fed70, R15=0x00000232fad6e800
RIP=0x00007ff955d7c362, EFLAGS=0x0000000000010246

Top of Stack: (sp=0x000000ca0e2febd0)
0x000000ca0e2febd0:   000034ca23ffb78b 0000000000000100
0x000000ca0e2febe0:   000000ca0e2fed70 000000ca0e2fec68
0x000000ca0e2febf0:   000000ca0e2fecb8 00007ff955d54e30
0x000000ca0e2fec00:   0000000041000000 00007ff93fbd098c
0x000000ca0e2fec10:   0000000041000000 00007ff96d506f80
0x000000ca0e2fec20:   fffffffffffffffe 000000ca0e2fed70
0x000000ca0e2fec30:   000000ca0e2fecb0 00007ff955d4e995
0x000000ca0e2fec40:   0000000041000000 000000ca0e2fecb8
0x000000ca0e2fec50:   000000ca0e2fecb8 00000232fad6e800
0x000000ca0e2fec60:   fffffffffffffffe 00000232fa7d83d0
0x000000ca0e2fec70:   00000232fa7d83c0 000000000000000c
0x000000ca0e2fec80:   000002328000af2d 00007ff96d506fb2
0x000000ca0e2fec90:   00000232fad6eb40 000000000000000c
0x000000ca0e2feca0:   000002328000af2d 0000023280015921
0x000000ca0e2fecb0:   000000ca00000000 00000232fa099788
0x000000ca0e2fecc0:   00000232fad6e800 0000eb385cd91720 

Instructions: (pc=0x00007ff955d7c362)
0x00007ff955d7c342:   5c 24 08 57 48 83 ec 20 48 8b f9 48 8b da 48 8b
0x00007ff955d7c352:   89 88 02 00 00 45 33 c9 45 33 c0 ba 26 05 00 00
0x00007ff955d7c362:   48 8b 09 ff 15 15 c0 00 00 89 03 85 c0 75 0e 0f
0x00007ff955d7c372:   b6 47 08 84 c0 75 13 c7 03 2b f8 ff ff 32 c0 48 



---------------  P R O C E S S  ---------------

Threads class SMR info:
_java_thread_list=0x00000232faf77ed0, length=18, elements={
0x00000232ea081000, 0x00000232f9b2b800, 0x00000232f9b2c000, 0x00000232fa4a3000,
0x00000232f9b49000, 0x00000232f9b4b800, 0x00000232f9b4f800, 0x00000232fa4e2800,
0x00000232fa615800, 0x00000232fa618800, 0x00000232fa61b000, 0x00000232fa630800,
0x00000232fa63a000, 0x00000232fa7c4800, 0x00000232fa7c6800, 0x00000232fad6e800,
0x00000232fb17b000, 0x00000232fb119800
}

Java Threads: ( => current thread )
  0x00000232ea081000 JavaThread "main" [_thread_in_native_trans, id=26132, stack(0x000000ca0c800000,0x000000ca0c900000)]
  0x00000232f9b2b800 JavaThread "Reference Handler" daemon [_thread_blocked, id=32468, stack(0x000000ca0cf00000,0x000000ca0d000000)]
  0x00000232f9b2c000 JavaThread "Finalizer" daemon [_thread_blocked, id=26748, stack(0x000000ca0d000000,0x000000ca0d100000)]
  0x00000232fa4a3000 JavaThread "Signal Dispatcher" daemon [_thread_blocked, id=32932, stack(0x000000ca0d100000,0x000000ca0d200000)]
  0x00000232f9b49000 JavaThread "Attach Listener" daemon [_thread_blocked, id=19064, stack(0x000000ca0d200000,0x000000ca0d300000)]
  0x00000232f9b4b800 JavaThread "C2 CompilerThread0" daemon [_thread_in_native, id=16764, stack(0x000000ca0d300000,0x000000ca0d400000)]
  0x00000232f9b4f800 JavaThread "C1 CompilerThread0" daemon [_thread_blocked, id=28728, stack(0x000000ca0d400000,0x000000ca0d500000)]
  0x00000232fa4e2800 JavaThread "Sweeper thread" daemon [_thread_blocked, id=24288, stack(0x000000ca0d500000,0x000000ca0d600000)]
  0x00000232fa615800 JavaThread "JDWP Transport Listener: dt_socket" daemon [_thread_blocked, id=18056, stack(0x000000ca0d600000,0x000000ca0d700000)]
  0x00000232fa618800 JavaThread "JDWP Event Helper Thread" daemon [_thread_blocked, id=32280, stack(0x000000ca0d700000,0x000000ca0d800000)]
  0x00000232fa61b000 JavaThread "JDWP Command Reader" daemon [_thread_in_native, id=33752, stack(0x000000ca0d800000,0x000000ca0d900000)]
  0x00000232fa630800 JavaThread "Service Thread" daemon [_thread_blocked, id=26952, stack(0x000000ca0d900000,0x000000ca0da00000)]
  0x00000232fa63a000 JavaThread "Common-Cleaner" daemon [_thread_blocked, id=28832, stack(0x000000ca0db00000,0x000000ca0dc00000)]
  0x00000232fa7c4800 JavaThread "FRCDriverStation" [_thread_in_native, id=29376, stack(0x000000ca0e000000,0x000000ca0e100000)]
  0x00000232fa7c6800 JavaThread "Thread-0" daemon [_thread_blocked, id=22392, stack(0x000000ca0e100000,0x000000ca0e200000)]
=>0x00000232fad6e800 JavaThread "CSListener" daemon [_thread_in_native, id=8504, stack(0x000000ca0e200000,0x000000ca0e300000)]
  0x00000232fb17b000 JavaThread "NTEntryListener" daemon [_thread_in_native, id=17236, stack(0x000000ca0e500000,0x000000ca0e600000)]
  0x00000232fb119800 JavaThread "WPILib Vision Thread" daemon [_thread_in_native, id=29540, stack(0x000000ca0ea00000,0x000000ca0eb00000)]

Other Threads:
  0x00000232f9b26000 VMThread "VM Thread" [stack: 0x000000ca0ce00000,0x000000ca0cf00000] [id=5968]
  0x00000232fa631800 WatcherThread [stack: 0x000000ca0da00000,0x000000ca0db00000] [id=32552]
  0x00000232ea09d000 GCTaskThread "GC Thread#0" [stack: 0x000000ca0c900000,0x000000ca0ca00000] [id=21856]
  0x00000232ea0cc000 ConcurrentGCThread "G1 Main Marker" [stack: 0x000000ca0ca00000,0x000000ca0cb00000] [id=33128]
  0x00000232ea0ce800 ConcurrentGCThread "G1 Conc#0" [stack: 0x000000ca0cb00000,0x000000ca0cc00000] [id=28748]
  0x00000232f9981800 ConcurrentGCThread "G1 Refine#0" [stack: 0x000000ca0cc00000,0x000000ca0cd00000] [id=14368]
  0x00000232ea150000 ConcurrentGCThread "G1 Young RemSet Sampling" [stack: 0x000000ca0cd00000,0x000000ca0ce00000] [id=20664]

Threads with active compile tasks:
C2 CompilerThread0 298       4       java.lang.StringLatin1::replace (196 bytes)
C1 CompilerThread0 309       3       jdk.internal.org.objectweb.asm.Item::isEqualTo (354 bytes)

VM state:not at safepoint (normal execution)

VM Mutex/Monitor currently owned by a thread: None

Heap address: 0x0000000082800000, size: 2008 MB, Compressed Oops mode: 32-bit
Narrow klass base: 0x0000000000000000, Narrow klass shift: 3
Compressed class space size: 1073741824 Address: 0x0000000100000000

Heap:
 garbage-first heap   total 129024K, used 5120K [0x0000000082800000, 0x0000000100000000)
  region size 1024K, 6 young (6144K), 0 survivors (0K)
 Metaspace       used 6932K, capacity 7062K, committed 7168K, reserved 1056768K
  class space    used 612K, capacity 676K, committed 768K, reserved 1048576K
Heap Regions: E=young(eden), S=young(survivor), O=old, HS=humongous(starts), HC=humongous(continues), CS=collection set, F=free, A=archive, TAMS=top-at-mark-start (previous, next)
|   0|0x0000000082800000, 0x0000000082800000, 0x0000000082900000|  0%| F|  |TAMS 0x0000000082800000, 0x0000000082800000| Untracked 
|   1|0x0000000082900000, 0x0000000082900000, 0x0000000082a00000|  0%| F|  |TAMS 0x0000000082900000, 0x0000000082900000| Untracked 
|   2|0x0000000082a00000, 0x0000000082a00000, 0x0000000082b00000|  0%| F|  |TAMS 0x0000000082a00000, 0x0000000082a00000| Untracked 
|   3|0x0000000082b00000, 0x0000000082b00000, 0x0000000082c00000|  0%| F|  |TAMS 0x0000000082b00000, 0x0000000082b00000| Untracked 
|   4|0x0000000082c00000, 0x0000000082c00000, 0x0000000082d00000|  0%| F|  |TAMS 0x0000000082c00000, 0x0000000082c00000| Untracked 
|   5|0x0000000082d00000, 0x0000000082d00000, 0x0000000082e00000|  0%| F|  |TAMS 0x0000000082d00000, 0x0000000082d00000| Untracked 
|   6|0x0000000082e00000, 0x0000000082e00000, 0x0000000082f00000|  0%| F|  |TAMS 0x0000000082e00000, 0x0000000082e00000| Untracked 
|   7|0x0000000082f00000, 0x0000000082f00000, 0x0000000083000000|  0%| F|  |TAMS 0x0000000082f00000, 0x0000000082f00000| Untracked 
|   8|0x0000000083000000, 0x0000000083000000, 0x0000000083100000|  0%| F|  |TAMS 0x0000000083000000, 0x0000000083000000| Untracked 
|   9|0x0000000083100000, 0x0000000083100000, 0x0000000083200000|  0%| F|  |TAMS 0x0000000083100000, 0x0000000083100000| Untracked 
|  10|0x0000000083200000, 0x0000000083200000, 0x0000000083300000|  0%| F|  |TAMS 0x0000000083200000, 0x0000000083200000| Untracked 
|  11|0x0000000083300000, 0x0000000083300000, 0x0000000083400000|  0%| F|  |TAMS 0x0000000083300000, 0x0000000083300000| Untracked 
|  12|0x0000000083400000, 0x0000000083400000, 0x0000000083500000|  0%| F|  |TAMS 0x0000000083400000, 0x0000000083400000| Untracked 
|  13|0x0000000083500000, 0x0000000083500000, 0x0000000083600000|  0%| F|  |TAMS 0x0000000083500000, 0x0000000083500000| Untracked 
|  14|0x0000000083600000, 0x0000000083600000, 0x0000000083700000|  0%| F|  |TAMS 0x0000000083600000, 0x0000000083600000| Untracked 
|  15|0x0000000083700000, 0x0000000083700000, 0x0000000083800000|  0%| F|  |TAMS 0x0000000083700000, 0x0000000083700000| Untracked 
|  16|0x0000000083800000, 0x0000000083800000, 0x0000000083900000|  0%| F|  |TAMS 0x0000000083800000, 0x0000000083800000| Untracked 
|  17|0x0000000083900000, 0x0000000083900000, 0x0000000083a00000|  0%| F|  |TAMS 0x0000000083900000, 0x0000000083900000| Untracked 
|  18|0x0000000083a00000, 0x0000000083a00000, 0x0000000083b00000|  0%| F|  |TAMS 0x0000000083a00000, 0x0000000083a00000| Untracked 
|  19|0x0000000083b00000, 0x0000000083b00000, 0x0000000083c00000|  0%| F|  |TAMS 0x0000000083b00000, 0x0000000083b00000| Untracked 
|  20|0x0000000083c00000, 0x0000000083c00000, 0x0000000083d00000|  0%| F|  |TAMS 0x0000000083c00000, 0x0000000083c00000| Untracked 
|  21|0x0000000083d00000, 0x0000000083d00000, 0x0000000083e00000|  0%| F|  |TAMS 0x0000000083d00000, 0x0000000083d00000| Untracked 
|  22|0x0000000083e00000, 0x0000000083e00000, 0x0000000083f00000|  0%| F|  |TAMS 0x0000000083e00000, 0x0000000083e00000| Untracked 
|  23|0x0000000083f00000, 0x0000000083f00000, 0x0000000084000000|  0%| F|  |TAMS 0x0000000083f00000, 0x0000000083f00000| Untracked 
|  24|0x0000000084000000, 0x0000000084000000, 0x0000000084100000|  0%| F|  |TAMS 0x0000000084000000, 0x0000000084000000| Untracked 
|  25|0x0000000084100000, 0x0000000084100000, 0x0000000084200000|  0%| F|  |TAMS 0x0000000084100000, 0x0000000084100000| Untracked 
|  26|0x0000000084200000, 0x0000000084200000, 0x0000000084300000|  0%| F|  |TAMS 0x0000000084200000, 0x0000000084200000| Untracked 
|  27|0x0000000084300000, 0x0000000084300000, 0x0000000084400000|  0%| F|  |TAMS 0x0000000084300000, 0x0000000084300000| Untracked 
|  28|0x0000000084400000, 0x0000000084400000, 0x0000000084500000|  0%| F|  |TAMS 0x0000000084400000, 0x0000000084400000| Untracked 
|  29|0x0000000084500000, 0x0000000084500000, 0x0000000084600000|  0%| F|  |TAMS 0x0000000084500000, 0x0000000084500000| Untracked 
|  30|0x0000000084600000, 0x0000000084600000, 0x0000000084700000|  0%| F|  |TAMS 0x0000000084600000, 0x0000000084600000| Untracked 
|  31|0x0000000084700000, 0x0000000084700000, 0x0000000084800000|  0%| F|  |TAMS 0x0000000084700000, 0x0000000084700000| Untracked 
|  32|0x0000000084800000, 0x0000000084800000, 0x0000000084900000|  0%| F|  |TAMS 0x0000000084800000, 0x0000000084800000| Untracked 
|  33|0x0000000084900000, 0x0000000084900000, 0x0000000084a00000|  0%| F|  |TAMS 0x0000000084900000, 0x0000000084900000| Untracked 
|  34|0x0000000084a00000, 0x0000000084a00000, 0x0000000084b00000|  0%| F|  |TAMS 0x0000000084a00000, 0x0000000084a00000| Untracked 
|  35|0x0000000084b00000, 0x0000000084b00000, 0x0000000084c00000|  0%| F|  |TAMS 0x0000000084b00000, 0x0000000084b00000| Untracked 
|  36|0x0000000084c00000, 0x0000000084c00000, 0x0000000084d00000|  0%| F|  |TAMS 0x0000000084c00000, 0x0000000084c00000| Untracked 
|  37|0x0000000084d00000, 0x0000000084d00000, 0x0000000084e00000|  0%| F|  |TAMS 0x0000000084d00000, 0x0000000084d00000| Untracked 
|  38|0x0000000084e00000, 0x0000000084e00000, 0x0000000084f00000|  0%| F|  |TAMS 0x0000000084e00000, 0x0000000084e00000| Untracked 
|  39|0x0000000084f00000, 0x0000000084f00000, 0x0000000085000000|  0%| F|  |TAMS 0x0000000084f00000, 0x0000000084f00000| Untracked 
|  40|0x0000000085000000, 0x0000000085000000, 0x0000000085100000|  0%| F|  |TAMS 0x0000000085000000, 0x0000000085000000| Untracked 
|  41|0x0000000085100000, 0x0000000085100000, 0x0000000085200000|  0%| F|  |TAMS 0x0000000085100000, 0x0000000085100000| Untracked 
|  42|0x0000000085200000, 0x0000000085200000, 0x0000000085300000|  0%| F|  |TAMS 0x0000000085200000, 0x0000000085200000| Untracked 
|  43|0x0000000085300000, 0x0000000085300000, 0x0000000085400000|  0%| F|  |TAMS 0x0000000085300000, 0x0000000085300000| Untracked 
|  44|0x0000000085400000, 0x0000000085400000, 0x0000000085500000|  0%| F|  |TAMS 0x0000000085400000, 0x0000000085400000| Untracked 
|  45|0x0000000085500000, 0x0000000085500000, 0x0000000085600000|  0%| F|  |TAMS 0x0000000085500000, 0x0000000085500000| Untracked 
|  46|0x0000000085600000, 0x0000000085600000, 0x0000000085700000|  0%| F|  |TAMS 0x0000000085600000, 0x0000000085600000| Untracked 
|  47|0x0000000085700000, 0x0000000085700000, 0x0000000085800000|  0%| F|  |TAMS 0x0000000085700000, 0x0000000085700000| Untracked 
|  48|0x0000000085800000, 0x0000000085800000, 0x0000000085900000|  0%| F|  |TAMS 0x0000000085800000, 0x0000000085800000| Untracked 
|  49|0x0000000085900000, 0x0000000085900000, 0x0000000085a00000|  0%| F|  |TAMS 0x0000000085900000, 0x0000000085900000| Untracked 
|  50|0x0000000085a00000, 0x0000000085a00000, 0x0000000085b00000|  0%| F|  |TAMS 0x0000000085a00000, 0x0000000085a00000| Untracked 
|  51|0x0000000085b00000, 0x0000000085b00000, 0x0000000085c00000|  0%| F|  |TAMS 0x0000000085b00000, 0x0000000085b00000| Untracked 
|  52|0x0000000085c00000, 0x0000000085c00000, 0x0000000085d00000|  0%| F|  |TAMS 0x0000000085c00000, 0x0000000085c00000| Untracked 
|  53|0x0000000085d00000, 0x0000000085d00000, 0x0000000085e00000|  0%| F|  |TAMS 0x0000000085d00000, 0x0000000085d00000| Untracked 
|  54|0x0000000085e00000, 0x0000000085e00000, 0x0000000085f00000|  0%| F|  |TAMS 0x0000000085e00000, 0x0000000085e00000| Untracked 
|  55|0x0000000085f00000, 0x0000000085f00000, 0x0000000086000000|  0%| F|  |TAMS 0x0000000085f00000, 0x0000000085f00000| Untracked 
|  56|0x0000000086000000, 0x0000000086000000, 0x0000000086100000|  0%| F|  |TAMS 0x0000000086000000, 0x0000000086000000| Untracked 
|  57|0x0000000086100000, 0x0000000086100000, 0x0000000086200000|  0%| F|  |TAMS 0x0000000086100000, 0x0000000086100000| Untracked 
|  58|0x0000000086200000, 0x0000000086200000, 0x0000000086300000|  0%| F|  |TAMS 0x0000000086200000, 0x0000000086200000| Untracked 
|  59|0x0000000086300000, 0x0000000086300000, 0x0000000086400000|  0%| F|  |TAMS 0x0000000086300000, 0x0000000086300000| Untracked 
|  60|0x0000000086400000, 0x0000000086400000, 0x0000000086500000|  0%| F|  |TAMS 0x0000000086400000, 0x0000000086400000| Untracked 
|  61|0x0000000086500000, 0x0000000086500000, 0x0000000086600000|  0%| F|  |TAMS 0x0000000086500000, 0x0000000086500000| Untracked 
|  62|0x0000000086600000, 0x0000000086600000, 0x0000000086700000|  0%| F|  |TAMS 0x0000000086600000, 0x0000000086600000| Untracked 
|  63|0x0000000086700000, 0x0000000086700000, 0x0000000086800000|  0%| F|  |TAMS 0x0000000086700000, 0x0000000086700000| Untracked 
|  64|0x0000000086800000, 0x0000000086800000, 0x0000000086900000|  0%| F|  |TAMS 0x0000000086800000, 0x0000000086800000| Untracked 
|  65|0x0000000086900000, 0x0000000086900000, 0x0000000086a00000|  0%| F|  |TAMS 0x0000000086900000, 0x0000000086900000| Untracked 
|  66|0x0000000086a00000, 0x0000000086a00000, 0x0000000086b00000|  0%| F|  |TAMS 0x0000000086a00000, 0x0000000086a00000| Untracked 
|  67|0x0000000086b00000, 0x0000000086b00000, 0x0000000086c00000|  0%| F|  |TAMS 0x0000000086b00000, 0x0000000086b00000| Untracked 
|  68|0x0000000086c00000, 0x0000000086c00000, 0x0000000086d00000|  0%| F|  |TAMS 0x0000000086c00000, 0x0000000086c00000| Untracked 
|  69|0x0000000086d00000, 0x0000000086d00000, 0x0000000086e00000|  0%| F|  |TAMS 0x0000000086d00000, 0x0000000086d00000| Untracked 
|  70|0x0000000086e00000, 0x0000000086e00000, 0x0000000086f00000|  0%| F|  |TAMS 0x0000000086e00000, 0x0000000086e00000| Untracked 
|  71|0x0000000086f00000, 0x0000000086f00000, 0x0000000087000000|  0%| F|  |TAMS 0x0000000086f00000, 0x0000000086f00000| Untracked 
|  72|0x0000000087000000, 0x0000000087000000, 0x0000000087100000|  0%| F|  |TAMS 0x0000000087000000, 0x0000000087000000| Untracked 
|  73|0x0000000087100000, 0x0000000087100000, 0x0000000087200000|  0%| F|  |TAMS 0x0000000087100000, 0x0000000087100000| Untracked 
|  74|0x0000000087200000, 0x0000000087200000, 0x0000000087300000|  0%| F|  |TAMS 0x0000000087200000, 0x0000000087200000| Untracked 
|  75|0x0000000087300000, 0x0000000087300000, 0x0000000087400000|  0%| F|  |TAMS 0x0000000087300000, 0x0000000087300000| Untracked 
|  76|0x0000000087400000, 0x0000000087400000, 0x0000000087500000|  0%| F|  |TAMS 0x0000000087400000, 0x0000000087400000| Untracked 
|  77|0x0000000087500000, 0x0000000087500000, 0x0000000087600000|  0%| F|  |TAMS 0x0000000087500000, 0x0000000087500000| Untracked 
|  78|0x0000000087600000, 0x0000000087600000, 0x0000000087700000|  0%| F|  |TAMS 0x0000000087600000, 0x0000000087600000| Untracked 
|  79|0x0000000087700000, 0x0000000087700000, 0x0000000087800000|  0%| F|  |TAMS 0x0000000087700000, 0x0000000087700000| Untracked 
|  80|0x0000000087800000, 0x0000000087800000, 0x0000000087900000|  0%| F|  |TAMS 0x0000000087800000, 0x0000000087800000| Untracked 
|  81|0x0000000087900000, 0x0000000087900000, 0x0000000087a00000|  0%| F|  |TAMS 0x0000000087900000, 0x0000000087900000| Untracked 
|  82|0x0000000087a00000, 0x0000000087a00000, 0x0000000087b00000|  0%| F|  |TAMS 0x0000000087a00000, 0x0000000087a00000| Untracked 
|  83|0x0000000087b00000, 0x0000000087b00000, 0x0000000087c00000|  0%| F|  |TAMS 0x0000000087b00000, 0x0000000087b00000| Untracked 
|  84|0x0000000087c00000, 0x0000000087c00000, 0x0000000087d00000|  0%| F|  |TAMS 0x0000000087c00000, 0x0000000087c00000| Untracked 
|  85|0x0000000087d00000, 0x0000000087d00000, 0x0000000087e00000|  0%| F|  |TAMS 0x0000000087d00000, 0x0000000087d00000| Untracked 
|  86|0x0000000087e00000, 0x0000000087e00000, 0x0000000087f00000|  0%| F|  |TAMS 0x0000000087e00000, 0x0000000087e00000| Untracked 
|  87|0x0000000087f00000, 0x0000000087f00000, 0x0000000088000000|  0%| F|  |TAMS 0x0000000087f00000, 0x0000000087f00000| Untracked 
|  88|0x0000000088000000, 0x0000000088000000, 0x0000000088100000|  0%| F|  |TAMS 0x0000000088000000, 0x0000000088000000| Untracked 
|  89|0x0000000088100000, 0x0000000088100000, 0x0000000088200000|  0%| F|  |TAMS 0x0000000088100000, 0x0000000088100000| Untracked 
|  90|0x0000000088200000, 0x0000000088200000, 0x0000000088300000|  0%| F|  |TAMS 0x0000000088200000, 0x0000000088200000| Untracked 
|  91|0x0000000088300000, 0x0000000088300000, 0x0000000088400000|  0%| F|  |TAMS 0x0000000088300000, 0x0000000088300000| Untracked 
|  92|0x0000000088400000, 0x0000000088400000, 0x0000000088500000|  0%| F|  |TAMS 0x0000000088400000, 0x0000000088400000| Untracked 
|  93|0x0000000088500000, 0x0000000088500000, 0x0000000088600000|  0%| F|  |TAMS 0x0000000088500000, 0x0000000088500000| Untracked 
|  94|0x0000000088600000, 0x0000000088600000, 0x0000000088700000|  0%| F|  |TAMS 0x0000000088600000, 0x0000000088600000| Untracked 
|  95|0x0000000088700000, 0x0000000088700000, 0x0000000088800000|  0%| F|  |TAMS 0x0000000088700000, 0x0000000088700000| Untracked 
|  96|0x0000000088800000, 0x0000000088800000, 0x0000000088900000|  0%| F|  |TAMS 0x0000000088800000, 0x0000000088800000| Untracked 
|  97|0x0000000088900000, 0x0000000088900000, 0x0000000088a00000|  0%| F|  |TAMS 0x0000000088900000, 0x0000000088900000| Untracked 
|  98|0x0000000088a00000, 0x0000000088a00000, 0x0000000088b00000|  0%| F|  |TAMS 0x0000000088a00000, 0x0000000088a00000| Untracked 
|  99|0x0000000088b00000, 0x0000000088b00000, 0x0000000088c00000|  0%| F|  |TAMS 0x0000000088b00000, 0x0000000088b00000| Untracked 
| 100|0x0000000088c00000, 0x0000000088c00000, 0x0000000088d00000|  0%| F|  |TAMS 0x0000000088c00000, 0x0000000088c00000| Untracked 
| 101|0x0000000088d00000, 0x0000000088d00000, 0x0000000088e00000|  0%| F|  |TAMS 0x0000000088d00000, 0x0000000088d00000| Untracked 
| 102|0x0000000088e00000, 0x0000000088e00000, 0x0000000088f00000|  0%| F|  |TAMS 0x0000000088e00000, 0x0000000088e00000| Untracked 
| 103|0x0000000088f00000, 0x0000000088f00000, 0x0000000089000000|  0%| F|  |TAMS 0x0000000088f00000, 0x0000000088f00000| Untracked 
| 104|0x0000000089000000, 0x0000000089000000, 0x0000000089100000|  0%| F|  |TAMS 0x0000000089000000, 0x0000000089000000| Untracked 
| 105|0x0000000089100000, 0x0000000089100000, 0x0000000089200000|  0%| F|  |TAMS 0x0000000089100000, 0x0000000089100000| Untracked 
| 106|0x0000000089200000, 0x0000000089200000, 0x0000000089300000|  0%| F|  |TAMS 0x0000000089200000, 0x0000000089200000| Untracked 
| 107|0x0000000089300000, 0x0000000089300000, 0x0000000089400000|  0%| F|  |TAMS 0x0000000089300000, 0x0000000089300000| Untracked 
| 108|0x0000000089400000, 0x0000000089400000, 0x0000000089500000|  0%| F|  |TAMS 0x0000000089400000, 0x0000000089400000| Untracked 
| 109|0x0000000089500000, 0x0000000089500000, 0x0000000089600000|  0%| F|  |TAMS 0x0000000089500000, 0x0000000089500000| Untracked 
| 110|0x0000000089600000, 0x0000000089600000, 0x0000000089700000|  0%| F|  |TAMS 0x0000000089600000, 0x0000000089600000| Untracked 
| 111|0x0000000089700000, 0x0000000089700000, 0x0000000089800000|  0%| F|  |TAMS 0x0000000089700000, 0x0000000089700000| Untracked 
| 112|0x0000000089800000, 0x0000000089800000, 0x0000000089900000|  0%| F|  |TAMS 0x0000000089800000, 0x0000000089800000| Untracked 
| 113|0x0000000089900000, 0x0000000089900000, 0x0000000089a00000|  0%| F|  |TAMS 0x0000000089900000, 0x0000000089900000| Untracked 
| 114|0x0000000089a00000, 0x0000000089a00000, 0x0000000089b00000|  0%| F|  |TAMS 0x0000000089a00000, 0x0000000089a00000| Untracked 
| 115|0x0000000089b00000, 0x0000000089b00000, 0x0000000089c00000|  0%| F|  |TAMS 0x0000000089b00000, 0x0000000089b00000| Untracked 
| 116|0x0000000089c00000, 0x0000000089c00000, 0x0000000089d00000|  0%| F|  |TAMS 0x0000000089c00000, 0x0000000089c00000| Untracked 
| 117|0x0000000089d00000, 0x0000000089d00000, 0x0000000089e00000|  0%| F|  |TAMS 0x0000000089d00000, 0x0000000089d00000| Untracked 
| 118|0x0000000089e00000, 0x0000000089e00000, 0x0000000089f00000|  0%| F|  |TAMS 0x0000000089e00000, 0x0000000089e00000| Untracked 
| 119|0x0000000089f00000, 0x0000000089f00000, 0x000000008a000000|  0%| F|  |TAMS 0x0000000089f00000, 0x0000000089f00000| Untracked 
| 120|0x000000008a000000, 0x000000008a090250, 0x000000008a100000| 56%| E|  |TAMS 0x000000008a000000, 0x000000008a000000| Complete 
| 121|0x000000008a100000, 0x000000008a200000, 0x000000008a200000|100%| E|CS|TAMS 0x000000008a100000, 0x000000008a100000| Complete 
| 122|0x000000008a200000, 0x000000008a300000, 0x000000008a300000|100%| E|CS|TAMS 0x000000008a200000, 0x000000008a200000| Complete 
| 123|0x000000008a300000, 0x000000008a400000, 0x000000008a400000|100%| E|CS|TAMS 0x000000008a300000, 0x000000008a300000| Complete 
| 124|0x000000008a400000, 0x000000008a500000, 0x000000008a500000|100%| E|CS|TAMS 0x000000008a400000, 0x000000008a400000| Complete 
| 125|0x000000008a500000, 0x000000008a600000, 0x000000008a600000|100%| E|CS|TAMS 0x000000008a500000, 0x000000008a500000| Complete 

Card table byte_map: [0x00000232f2e80000,0x00000232f3270000] _byte_map_base: 0x00000232f2a6c000

Marking Bits (Prev, Next): (CMBitMap*) 0x00000232ea0c38c8, (CMBitMap*) 0x00000232ea0c3900
 Prev Bits: [0x00000232f3660000, 0x00000232f55c0000)
 Next Bits: [0x00000232f55c0000, 0x00000232f7520000)

Polling page: 0x00000232ea160000

Metaspace:

Usage:
  Non-class:      6.25 MB capacity,     6.19 MB (>99%) used,    55.39 KB ( <1%) free+waste,     5.25 KB ( <1%) overhead. 
      Class:    681.00 KB capacity,   614.90 KB ( 90%) used,    63.48 KB (  9%) free+waste,     2.63 KB ( <1%) overhead. 
       Both:      6.91 MB capacity,     6.79 MB ( 98%) used,   118.87 KB (  2%) free+waste,     7.88 KB ( <1%) overhead. 

Virtual space:
  Non-class space:        8.00 MB reserved,       6.25 MB ( 78%) committed 
      Class space:        1.00 GB reserved,     768.00 KB ( <1%) committed 
             Both:        1.01 GB reserved,       7.00 MB ( <1%) committed 

Chunk freelists:
   Non-Class:  512 bytes
       Class:  0 bytes
        Both:  512 bytes

CodeHeap 'non-profiled nmethods': size=120064Kb used=86Kb max_used=86Kb free=119977Kb
 bounds [0x0000023287ac0000, 0x0000023287d30000, 0x000002328f000000]
CodeHeap 'profiled nmethods': size=120000Kb used=577Kb max_used=577Kb free=119422Kb
 bounds [0x0000023280590000, 0x0000023280800000, 0x0000023287ac0000]
CodeHeap 'non-nmethods': size=5696Kb used=1204Kb max_used=1204Kb free=4491Kb
 bounds [0x0000023280000000, 0x0000023280270000, 0x0000023280590000]
 total_blobs=835 nmethods=315 adapters=362
 compilation: enabled
              stopped_count=0, restarted_count=0
 full_count=0

Compilation events (10 events):
Event: 1.786 Thread 0x00000232f9b4f800  273       1       java.util.jar.Manifest::getMainAttributes (5 bytes)
Event: 1.786 Thread 0x00000232f9b4f800 nmethod 273 0x0000023287ad3610 code [0x0000023287ad37c0, 0x0000023287ad38d8]
Event: 1.786 Thread 0x00000232f9b4f800  275       1       java.lang.invoke.MethodType::ptypes (5 bytes)
Event: 1.786 Thread 0x00000232f9b4f800 nmethod 275 0x0000023287ad3990 code [0x0000023287ad3b40, 0x0000023287ad3c58]
Event: 1.787 Thread 0x00000232f9b4f800  276       3       jdk.internal.org.objectweb.asm.Item::<init> (66 bytes)
Event: 1.787 Thread 0x00000232f9b4f800 nmethod 276 0x000002328060f090 code [0x000002328060f260, 0x000002328060f558]
Event: 1.787 Thread 0x00000232f9b4f800  278       3       jdk.internal.org.objectweb.asm.ByteVector::putShort (52 bytes)
Event: 1.788 Thread 0x00000232f9b4f800 nmethod 278 0x000002328060f610 code [0x000002328060f7e0, 0x000002328060fa50]
Event: 1.788 Thread 0x00000232f9b4f800  277       3       jdk.internal.org.objectweb.asm.ClassWriter::put (152 bytes)
Event: 1.788 Thread 0x00000232f9b4f800 nmethod 277 0x000002328060fb90 code [0x000002328060fdc0, 0x0000023280610678]

GC Heap History (0 events):
No events

Deoptimization events (1 events):
Event: 0.392 Thread 0x00000232ea081000 Uncommon trap: reason=unstable_if action=reinterpret pc=0x0000023287ac5310 method=java.lang.String.hashCode()I @ 14 c2

Classes redefined (0 events):
No events

Internal exceptions (2 events):
Event: 1.715 Thread 0x00000232ea081000 Exception <a 'java/lang/NoSuchMethodError'{0x000000008a21fc50}: java.lang.invoke.DirectMethodHandle$Holder.invokeSpecial(Ljava/lang/Object;Ljava/lang/Object;)V> (0x000000008a21fc50) thrown at [t:/workspace/open/src/hotspot/share/interpreter/linkResolver.c
Event: 1.717 Thread 0x00000232ea081000 Exception <a 'java/lang/NoSuchMethodError'{0x000000008a22df70}: java.lang.invoke.DirectMethodHandle$Holder.invokeStaticInit(Ljava/lang/Object;)V> (0x000000008a22df70) thrown at [t:/workspace/open/src/hotspot/share/interpreter/linkResolver.cpp, line 772]

Events (10 events):
Event: 1.778 loading class edu/wpi/cscore/VideoSource$Kind done
Event: 1.787 loading class edu/wpi/first/networktables/NetworkTableInstance
Event: 1.787 loading class edu/wpi/first/networktables/NetworkTableInstance done
Event: 1.788 Thread 0x00000232fb17b000 Thread added: 0x00000232fb17b000
Event: 1.788 loading class edu/wpi/first/networktables/NetworkTableInstance$EntryConsumer
Event: 1.788 loading class edu/wpi/first/networktables/NetworkTableInstance$EntryConsumer done
Event: 1.839 loading class java/util/Hashtable$ValueCollection
Event: 1.839 loading class java/util/Hashtable$ValueCollection done
Event: 1.839 loading class java/util/Collections$EmptyIterator
Event: 1.840 loading class java/util/Collections$EmptyIterator done


Dynamic libraries:
0x00007ff652540000 - 0x00007ff652585000 	C:\Users\Public\frc2019\jdk\bin\java.exe
0x00007ff985d20000 - 0x00007ff985f01000 	C:\WINDOWS\SYSTEM32\ntdll.dll
0x00007ff9836d0000 - 0x00007ff983782000 	C:\WINDOWS\System32\KERNEL32.DLL
0x00007ff9825e0000 - 0x00007ff982853000 	C:\WINDOWS\System32\KERNELBASE.dll
0x00007ff983350000 - 0x00007ff9834e0000 	C:\WINDOWS\System32\USER32.dll
0x00007ff9825c0000 - 0x00007ff9825e0000 	C:\WINDOWS\System32\win32u.dll
0x00007ff985a20000 - 0x00007ff985a48000 	C:\WINDOWS\System32\GDI32.dll
0x00007ff982f70000 - 0x00007ff983102000 	C:\WINDOWS\System32\gdi32full.dll
0x00007ff983110000 - 0x00007ff9831af000 	C:\WINDOWS\System32\msvcp_win.dll
0x00007ff9822d0000 - 0x00007ff9823ca000 	C:\WINDOWS\System32\ucrtbase.dll
0x00007ff970c00000 - 0x00007ff970e69000 	C:\WINDOWS\WinSxS\amd64_microsoft.windows.common-controls_6595b64144ccf1df_6.0.17134.523_none_fb409dd930672a56\COMCTL32.dll
0x00007ff983790000 - 0x00007ff98382e000 	C:\WINDOWS\System32\msvcrt.dll
0x00007ff983830000 - 0x00007ff983b52000 	C:\WINDOWS\System32\combase.dll
0x00007ff983590000 - 0x00007ff9836b4000 	C:\WINDOWS\System32\RPCRT4.dll
0x00007ff982150000 - 0x00007ff9821ca000 	C:\WINDOWS\System32\bcryptPrimitives.dll
0x00007ff985ac0000 - 0x00007ff985aed000 	C:\WINDOWS\System32\IMM32.DLL
0x00007ff977260000 - 0x00007ff977276000 	C:\Users\Public\frc2019\jdk\bin\vcruntime140.dll
0x00007ff95d6b0000 - 0x00007ff95d74b000 	C:\Users\Public\frc2019\jdk\bin\msvcp140.dll
0x00007ff93f5c0000 - 0x00007ff940101000 	C:\Users\Public\frc2019\jdk\bin\server\jvm.dll
0x00007ff9834e0000 - 0x00007ff983581000 	C:\WINDOWS\System32\ADVAPI32.dll
0x00007ff983b60000 - 0x00007ff983bbb000 	C:\WINDOWS\System32\sechost.dll
0x00007ff985be0000 - 0x00007ff985be8000 	C:\WINDOWS\System32\PSAPI.DLL
0x00007ff97bac0000 - 0x00007ff97bae3000 	C:\WINDOWS\SYSTEM32\WINMM.dll
0x00007ff9766d0000 - 0x00007ff9766d9000 	C:\WINDOWS\SYSTEM32\WSOCK32.dll
0x00007ff983bc0000 - 0x00007ff983c2c000 	C:\WINDOWS\System32\WS2_32.dll
0x00007ff97e8b0000 - 0x00007ff97e8ba000 	C:\WINDOWS\SYSTEM32\VERSION.dll
0x00007ff97ba90000 - 0x00007ff97baba000 	C:\WINDOWS\SYSTEM32\WINMMBASE.dll
0x00007ff982280000 - 0x00007ff9822c9000 	C:\WINDOWS\System32\cfgmgr32.dll
0x00007ff982050000 - 0x00007ff982061000 	C:\WINDOWS\System32\kernel.appcore.dll
0x00007ff96fba0000 - 0x00007ff96fbb1000 	C:\Users\Public\frc2019\jdk\bin\verify.dll
0x00007ff976bd0000 - 0x00007ff976d99000 	C:\WINDOWS\SYSTEM32\DBGHELP.DLL
0x00007ff976ad0000 - 0x00007ff976af9000 	C:\WINDOWS\SYSTEM32\dbgcore.DLL
0x00007ff96d6d0000 - 0x00007ff96d6f8000 	C:\Users\Public\frc2019\jdk\bin\java.dll
0x00007ff96d650000 - 0x00007ff96d687000 	C:\Users\Public\frc2019\jdk\bin\jdwp.dll
0x00007ff96d0f0000 - 0x00007ff96d106000 	C:\Users\Public\frc2019\jdk\bin\zip.dll
0x00007ff97f090000 - 0x00007ff97f09a000 	C:\Users\Public\frc2019\jdk\bin\jimage.dll
0x00007ff984530000 - 0x00007ff985970000 	C:\WINDOWS\System32\SHELL32.dll
0x00007ff985970000 - 0x00007ff985a19000 	C:\WINDOWS\System32\shcore.dll
0x00007ff982860000 - 0x00007ff982f6d000 	C:\WINDOWS\System32\windows.storage.dll
0x00007ff985a60000 - 0x00007ff985ab1000 	C:\WINDOWS\System32\shlwapi.dll
0x00007ff982070000 - 0x00007ff98208f000 	C:\WINDOWS\System32\profapi.dll
0x00007ff982090000 - 0x00007ff9820dc000 	C:\WINDOWS\System32\powrprof.dll
0x00007ff9820e0000 - 0x00007ff9820ea000 	C:\WINDOWS\System32\FLTLIB.DLL
0x00007ff9751a0000 - 0x00007ff9751aa000 	C:\Users\Public\frc2019\jdk\bin\dt_socket.dll
0x00007ff981850000 - 0x00007ff9818b6000 	C:\WINDOWS\System32\mswsock.dll
0x00007ff981610000 - 0x00007ff9816ce000 	C:\WINDOWS\SYSTEM32\DNSAPI.dll
0x00007ff9836c0000 - 0x00007ff9836c8000 	C:\WINDOWS\System32\NSI.dll
0x00007ff9815d0000 - 0x00007ff981608000 	C:\WINDOWS\SYSTEM32\IPHLPAPI.DLL
0x0000000050110000 - 0x000000005011a000 	C:\Program Files\National Instruments\Shared\mDNS Responder\nimdnsNSP.dll
0x0000000050100000 - 0x0000000050110000 	C:\WINDOWS\SYSTEM32\nimdnsResponder.dll
0x00007ff97c980000 - 0x00007ff97c9f2000 	C:\WINDOWS\System32\fwpuclnt.dll
0x00007ff981b30000 - 0x00007ff981b55000 	C:\WINDOWS\SYSTEM32\bcrypt.dll
0x00007ff976590000 - 0x00007ff97659a000 	C:\Windows\System32\rasadhlp.dll
0x00007ff96cc60000 - 0x00007ff96cc79000 	C:\Users\Public\frc2019\jdk\bin\net.dll
0x00007ff97fbb0000 - 0x00007ff97fc8d000 	C:\WINDOWS\SYSTEM32\WINHTTP.dll
0x00007ff96cbf0000 - 0x00007ff96cc03000 	C:\Users\Public\frc2019\jdk\bin\nio.dll
0x00007ff96d080000 - 0x00007ff96d0e1000 	C:\Users\willi\Documents\command-robot-code\build\tmp\jniExtractDir\wpiHaljni.dll
0x00007ff96d010000 - 0x00007ff96d07f000 	C:\Users\willi\Documents\command-robot-code\build\tmp\jniExtractDir\wpiHal.dll
0x00007ff94b100000 - 0x00007ff94b23b000 	C:\Users\willi\Documents\command-robot-code\build\tmp\jniExtractDir\wpiutil.dll
0x00007ff984250000 - 0x00007ff9843a1000 	C:\WINDOWS\System32\ole32.dll
0x00007ff981f60000 - 0x00007ff981f88000 	C:\WINDOWS\SYSTEM32\USERENV.dll
0x00007ff96d500000 - 0x00007ff96d516000 	C:\Users\willi\Documents\command-robot-code\build\tmp\jniExtractDir\cscorejni.dll
0x00007ff955d40000 - 0x00007ff955dcc000 	C:\Users\willi\Documents\command-robot-code\build\tmp\jniExtractDir\cscore.dll
0x00007ff967aa0000 - 0x00007ff967c7b000 	C:\WINDOWS\SYSTEM32\MFPlat.DLL
0x00007ff94f810000 - 0x00007ff94f8ec000 	C:\Users\willi\Documents\command-robot-code\build\tmp\jniExtractDir\opencv_imgcodecs344.dll
0x00007ff96dda0000 - 0x00007ff96de1b000 	C:\WINDOWS\SYSTEM32\MF.dll
0x00007ff948f70000 - 0x00007ff94926c000 	C:\Users\willi\Documents\command-robot-code\build\tmp\jniExtractDir\opencv_core344.dll
0x00007ff955370000 - 0x00007ff955468000 	C:\WINDOWS\SYSTEM32\MFReadWrite.dll
0x00007ff96c5a0000 - 0x00007ff96c5f1000 	C:\Users\Public\frc2019\jdk\bin\CONCRT140.dll
0x00007ff948bc0000 - 0x00007ff948f70000 	C:\Users\willi\Documents\command-robot-code\build\tmp\jniExtractDir\opencv_imgproc344.dll
0x00007ff93b710000 - 0x00007ff93bb3e000 	C:\WINDOWS\SYSTEM32\MFCORE.DLL
0x00007ff9823d0000 - 0x00007ff9825b2000 	C:\WINDOWS\System32\CRYPT32.dll
0x00007ff982030000 - 0x00007ff982042000 	C:\WINDOWS\System32\MSASN1.dll
0x00007ff97f080000 - 0x00007ff97f089000 	C:\WINDOWS\SYSTEM32\ksuser.dll
0x00007ff981a20000 - 0x00007ff981a2b000 	C:\WINDOWS\SYSTEM32\CRYPTBASE.DLL
0x00007ff96a190000 - 0x00007ff96a1be000 	C:\WINDOWS\SYSTEM32\RTWorkQ.DLL
0x00007ff94a8c0000 - 0x00007ff94aa38000 	C:\Users\willi\Documents\command-robot-code\build\tmp\jniExtractDir\opencv_java344.dll
0x00007ff94ce90000 - 0x00007ff94cf5a000 	C:\Users\willi\Documents\command-robot-code\build\tmp\jniExtractDir\opencv_ml344.dll
0x00007ff955bb0000 - 0x00007ff955c4b000 	C:\Users\willi\Documents\command-robot-code\build\tmp\jniExtractDir\opencv_objdetect344.dll
0x00007ff944650000 - 0x00007ff944745000 	C:\Users\willi\Documents\command-robot-code\build\tmp\jniExtractDir\opencv_photo344.dll
0x00007ff948af0000 - 0x00007ff948bb6000 	C:\Users\willi\Documents\command-robot-code\build\tmp\jniExtractDir\opencv_features2d344.dll
0x00007ff944450000 - 0x00007ff94464f000 	C:\Users\willi\Documents\command-robot-code\build\tmp\jniExtractDir\opencv_calib3d344.dll
0x00007ff96a410000 - 0x00007ff96a477000 	C:\Users\willi\Documents\command-robot-code\build\tmp\jniExtractDir\opencv_video344.dll
0x00007ff955290000 - 0x00007ff955318000 	C:\Users\willi\Documents\command-robot-code\build\tmp\jniExtractDir\opencv_flann344.dll
0x00007ff95c380000 - 0x00007ff95c3ff000 	C:\Users\willi\Documents\command-robot-code\build\tmp\jniExtractDir\opencv_videoio344.dll
0x00007ff984180000 - 0x00007ff984242000 	C:\WINDOWS\System32\OLEAUT32.dll
0x00007ff96cff0000 - 0x00007ff96d007000 	C:\Users\willi\Documents\command-robot-code\build\tmp\jniExtractDir\ntcorejni.dll
0x00007ff94a810000 - 0x00007ff94a8b6000 	C:\Users\willi\Documents\command-robot-code\build\tmp\jniExtractDir\ntcore.dll
0x00007ff97da30000 - 0x00007ff97da3b000 	C:\WINDOWS\SYSTEM32\WINNSI.DLL
0x00007ff97ceb0000 - 0x00007ff97cec6000 	C:\WINDOWS\SYSTEM32\dhcpcsvc6.DLL
0x00007ff97ce90000 - 0x00007ff97ceaa000 	C:\WINDOWS\SYSTEM32\dhcpcsvc.DLL
0x00007ff980550000 - 0x00007ff9805e8000 	C:\WINDOWS\system32\uxtheme.dll
0x00007ff9807a0000 - 0x00007ff9807c9000 	C:\WINDOWS\system32\dwmapi.dll
0x00007ff983c90000 - 0x00007ff983d30000 	C:\WINDOWS\System32\clbcatq.dll
0x00007ff967800000 - 0x00007ff96784d000 	C:\Windows\System32\FSClient.dll
0x00007ff95d660000 - 0x00007ff95d6ae000 	C:\Windows\System32\MFSENSORGROUP.dll
0x00007ff980df0000 - 0x00007ff980eab000 	C:\Windows\System32\dxgi.dll
0x00007ff97f510000 - 0x00007ff97f81b000 	C:\Windows\System32\d3d11.dll
0x00007ff97e810000 - 0x00007ff97e81a000 	C:\WINDOWS\SYSTEM32\AVRT.dll
0x00007ff973910000 - 0x00007ff97391c000 	C:\Windows\System32\vidcap.ax
0x00007ff96b4f0000 - 0x00007ff96b516000 	C:\Windows\System32\kswdmcap.ax
0x00007ff93c380000 - 0x00007ff93c4e4000 	C:\Windows\System32\MFC42.dll
0x00007ff97e330000 - 0x00007ff97e3af000 	C:\WINDOWS\SYSTEM32\policymanager.dll
0x00007ff97e290000 - 0x00007ff97e321000 	C:\WINDOWS\SYSTEM32\msvcp110_win.dll

dbghelp: loaded successfully - version: 4.0.5 - missing functions: none
symbol engine: initialized successfully - sym options: 0x614 - pdb path: .;C:\Users\Public\frc2019\jdk\bin;C:\WINDOWS\SYSTEM32;C:\WINDOWS\WinSxS\amd64_microsoft.windows.common-controls_6595b64144ccf1df_6.0.17134.523_none_fb409dd930672a56;C:\Users\Public\frc2019\jdk\bin\server;C:\Program Files\National Instruments\Shared\mDNS Responder;C:\Users\willi\Documents\command-robot-code\build\tmp\jniExtractDir

VM Arguments:
jvm_args: -agentlib:jdwp=transport=dt_socket,server=n,suspend=y,address=localhost:54907 -Djava.library.path=C:\Users\willi\Documents\command-robot-code\build\tmp\jniExtractDir -Dfile.encoding=UTF-8 
java_command: org.usfirst.frc.team3952.robot.Main
java_class_path (initial): C:\Users\willi\Documents\command-robot-code\bin\main;C:\Users\Public\frc2019\maven\edu\wpi\first\wpilibj\wpilibj-java\2019.1.1\wpilibj-java-2019.1.1.jar;C:\Users\Public\frc2019\maven\edu\wpi\first\ntcore\ntcore-java\2019.1.1\ntcore-java-2019.1.1.jar;C:\Users\Public\frc2019\maven\edu\wpi\first\wpiutil\wpiutil-java\2019.1.1\wpiutil-java-2019.1.1.jar;C:\Users\Public\frc2019\maven\edu\wpi\first\thirdparty\frc2019\opencv\opencv-java\3.4.4-4\opencv-java-3.4.4-4.jar;C:\Users\Public\frc2019\maven\edu\wpi\first\cscore\cscore-java\2019.1.1\cscore-java-2019.1.1.jar;C:\Users\Public\frc2019\maven\edu\wpi\first\cameraserver\cameraserver-java\2019.1.1\cameraserver-java-2019.1.1.jar;C:\Users\Public\frc2019\maven\edu\wpi\first\hal\hal-java\2019.1.1\hal-java-2019.1.1.jar;C:\Users\willi\.gradle\caches\modules-2\files-2.1\junit\junit\4.12\2973d150c0dc1fefe998f834810d68f278ea58ec\junit-4.12.jar;C:\Users\willi\.gradle\caches\modules-2\files-2.1\org.hamcrest\hamcrest-core\1.3\42a25dc3219429f0e5d060061f71acb49bf010a0\hamcrest-core-1.3.jar
Launcher Type: SUN_STANDARD

[Global flags]
     intx CICompilerCount                          = 3                                         {product} {ergonomic}
     uint ConcGCThreads                            = 1                                         {product} {ergonomic}
     uint G1ConcRefinementThreads                  = 4                                         {product} {ergonomic}
   size_t G1HeapRegionSize                         = 1048576                                   {product} {ergonomic}
    uintx GCDrainStackTargetSize                   = 64                                        {product} {ergonomic}
   size_t InitialHeapSize                          = 132120576                                 {product} {ergonomic}
   size_t MarkStackSize                            = 4194304                                   {product} {ergonomic}
   size_t MaxHeapSize                              = 2105540608                                {product} {ergonomic}
   size_t MaxNewSize                               = 1262485504                                {product} {ergonomic}
   size_t MinHeapDeltaBytes                        = 1048576                                   {product} {ergonomic}
    uintx NonNMethodCodeHeapSize                   = 5830092                                {pd product} {ergonomic}
    uintx NonProfiledCodeHeapSize                  = 122914074                              {pd product} {ergonomic}
    uintx ProfiledCodeHeapSize                     = 122914074                              {pd product} {ergonomic}
    uintx ReservedCodeCacheSize                    = 251658240                              {pd product} {ergonomic}
     bool SegmentedCodeCache                       = true                                      {product} {ergonomic}
     bool UseCompressedClassPointers               = true                                 {lp64_product} {ergonomic}
     bool UseCompressedOops                        = true                                 {lp64_product} {ergonomic}
     bool UseG1GC                                  = true                                      {product} {ergonomic}
     bool UseLargePagesIndividualAllocation        = false                                  {pd product} {ergonomic}

Logging:
Log output configuration:
 #0: stdout all=warning uptime,level,tags
 #1: stderr all=off uptime,level,tags

Environment Variables:
JAVA_HOME=C:\Users\Public\frc2019\jdk
PATH=C:\Users\willi\Documents\command-robot-code\build\tmp\jniExtractDir
USERNAME=willi
OS=Windows_NT
PROCESSOR_IDENTIFIER=Intel64 Family 6 Model 78 Stepping 3, GenuineIntel



---------------  S Y S T E M  ---------------

OS: Windows 10 , 64 bit Build 17134 (10.0.17134.1)

CPU:total 4 (initial active 4) (2 cores per cpu, 2 threads per core) family 6 model 78 stepping 3, cmov, cx8, fxsr, mmx, sse, sse2, sse3, ssse3, sse4.1, sse4.2, popcnt, avx, avx2, aes, clmul, erms, 3dnowpref, lzcnt, ht, tsc, tscinvbit, bmi1, bmi2, adx, fma

Memory: 4k page, system-wide physical 8026M (3117M free)
TotalPageFile size 10006M (AvailPageFile size 1541M)
current process WorkingSet (physical memory assigned to process): 54M, peak: 54M
current process commit charge ("private bytes"): 206M, peak: 206M

vm_info: OpenJDK 64-Bit Server VM (11.0.1+13) for windows-amd64 JRE (11.0.1+13), built on Oct  6 2018 13:18:13 by "mach5one" with MS VC++ 15.5 (VS2017)

END.
